<?xml version="1.0" encoding="UTF-8"?>
<testng-results skipped="0" failed="0" ignored="0" total="2" passed="2">
  <reporter-output>
    <line>
      <![CDATA[Operating System : Mac]]>
    </line>
    <line>
      <![CDATA[Browser Selected : Chrome]]>
    </line>
    <line>
      <![CDATA[Navigated To Url https://crm.zoho.com/crm/org664227363/tab/Home/begin]]>
    </line>
    <line>
      <![CDATA[Clicking on the Login Button]]>
    </line>
    <line>
      <![CDATA[Login Button Clicked]]>
    </line>
    <line>
      <![CDATA[loginTest test Ended]]>
    </line>
    <line>
      <![CDATA[<a href='/Users/maddy/eclipse-workspace/HybridFrameworkSuper/src/main/java/com/screenshots/loginTest_Passed_26_07_2020_03_54_09.png'> <img src='/Users/maddy/eclipse-workspace/HybridFrameworkSuper/src/main/java/com/screenshots/loginTest_Passed_26_07_2020_03_54_09.png' height='100' width='100'/> </a>]]>
    </line>
    <line>
      <![CDATA[Browser Closed]]>
    </line>
    <line>
      <![CDATA[Operating System : Mac]]>
    </line>
    <line>
      <![CDATA[Browser Selected : Chrome]]>
    </line>
    <line>
      <![CDATA[Navigated To Url https://crm.zoho.com/crm/org664227363/tab/Home/begin]]>
    </line>
    <line>
      <![CDATA[Clicking on the Login Button]]>
    </line>
    <line>
      <![CDATA[Login Button Clicked]]>
    </line>
    <line>
      <![CDATA[UserName Entered madhurbhrdwj3@gmail.com]]>
    </line>
    <line>
      <![CDATA[Next Button Clicked]]>
    </line>
    <line>
      <![CDATA[Password Entered maddymb18]]>
    </line>
    <line>
      <![CDATA[Sign In Button Clicked]]>
    </line>
    <line>
      <![CDATA[Leads Button Clicked]]>
    </line>
    <line>
      <![CDATA[loginTest test Ended]]>
    </line>
    <line>
      <![CDATA[<a href='/Users/maddy/eclipse-workspace/HybridFrameworkSuper/src/main/java/com/screenshots/loginTest_Passed_26_07_2020_03_54_44.png'> <img src='/Users/maddy/eclipse-workspace/HybridFrameworkSuper/src/main/java/com/screenshots/loginTest_Passed_26_07_2020_03_54_44.png' height='100' width='100'/> </a>]]>
    </line>
    <line>
      <![CDATA[Browser Closed]]>
    </line>
  </reporter-output>
  <suite name="Command line suite" duration-ms="42964" started-at="2020-07-26T10:24:01Z" finished-at="2020-07-26T10:24:44Z">
    <groups>
    </groups>
    <test name="Command line test" duration-ms="42964" started-at="2020-07-26T10:24:01Z" finished-at="2020-07-26T10:24:44Z">
      <class name="com.tests.LoginPageTest">
        <test-method status="PASS" signature="beforeMethod(java.lang.reflect.Method)[pri:0, instance:com.tests.LoginPageTest@d86a6f]" name="beforeMethod" is-config="true" duration-ms="5762" started-at="2020-07-26T15:54:10Z" finished-at="2020-07-26T15:54:16Z">
          <params>
            <param index="0">
              <value>
                <![CDATA[public void com.tests.LoginPageTest.loginTest() throws java.lang.Exception]]>
              </value>
            </param>
          </params>
          <reporter-output>
            <line>
              <![CDATA[Operating System : Mac]]>
            </line>
            <line>
              <![CDATA[Browser Selected : Chrome]]>
            </line>
            <line>
              <![CDATA[Navigated To Url https://crm.zoho.com/crm/org664227363/tab/Home/begin]]>
            </line>
          </reporter-output>
        </test-method> <!-- beforeMethod -->
        <test-method status="PASS" signature="loginTest()[pri:0, instance:com.tests.LoginPageTest@d86a6f]" name="loginTest" duration-ms="28110" started-at="2020-07-26T15:54:16Z" finished-at="2020-07-26T15:54:44Z">
          <reporter-output>
            <line>
              <![CDATA[Clicking on the Login Button]]>
            </line>
            <line>
              <![CDATA[Login Button Clicked]]>
            </line>
            <line>
              <![CDATA[UserName Entered madhurbhrdwj3@gmail.com]]>
            </line>
            <line>
              <![CDATA[Next Button Clicked]]>
            </line>
            <line>
              <![CDATA[Password Entered maddymb18]]>
            </line>
            <line>
              <![CDATA[Sign In Button Clicked]]>
            </line>
            <line>
              <![CDATA[Leads Button Clicked]]>
            </line>
          </reporter-output>
        </test-method> <!-- loginTest -->
        <test-method status="PASS" signature="afterMethod(org.testng.ITestResult)[pri:0, instance:com.tests.LoginPageTest@d86a6f]" name="afterMethod" is-config="true" duration-ms="467" started-at="2020-07-26T15:54:44Z" finished-at="2020-07-26T15:54:44Z">
          <params>
            <param index="0">
              <value>
                <![CDATA[[TestResult name=loginTest status=SUCCESS method=LoginPageTest.loginTest()[pri:0, instance:com.tests.LoginPageTest@d86a6f] output=Clicking on the Login Button]]]>
              </value>
            </param>
          </params>
          <reporter-output>
            <line>
              <![CDATA[loginTest test Ended]]>
            </line>
            <line>
              <![CDATA[<a href='/Users/maddy/eclipse-workspace/HybridFrameworkSuper/src/main/java/com/screenshots/loginTest_Passed_26_07_2020_03_54_44.png'> <img src='/Users/maddy/eclipse-workspace/HybridFrameworkSuper/src/main/java/com/screenshots/loginTest_Passed_26_07_2020_03_54_44.png' height='100' width='100'/> </a>]]>
            </line>
          </reporter-output>
        </test-method> <!-- afterMethod -->
        <test-method status="PASS" signature="tearDown()[pri:0, instance:com.tests.LoginPageTest@d86a6f]" name="tearDown" is-config="true" duration-ms="198" started-at="2020-07-26T15:54:44Z" finished-at="2020-07-26T15:54:44Z">
          <reporter-output>
            <line>
              <![CDATA[Browser Closed]]>
            </line>
          </reporter-output>
        </test-method> <!-- tearDown -->
      </class> <!-- com.tests.LoginPageTest -->
      <class name="com.tests.HomePageTest">
        <test-method status="PASS" signature="beforeMethod(java.lang.reflect.Method)[pri:0, instance:com.tests.HomePageTest@4145bad8]" name="beforeMethod" is-config="true" duration-ms="5750" started-at="2020-07-26T15:54:02Z" finished-at="2020-07-26T15:54:07Z">
          <params>
            <param index="0">
              <value>
                <![CDATA[public void com.tests.HomePageTest.loginTest() throws java.lang.Exception]]>
              </value>
            </param>
          </params>
          <reporter-output>
            <line>
              <![CDATA[Operating System : Mac]]>
            </line>
            <line>
              <![CDATA[Browser Selected : Chrome]]>
            </line>
            <line>
              <![CDATA[Navigated To Url https://crm.zoho.com/crm/org664227363/tab/Home/begin]]>
            </line>
          </reporter-output>
        </test-method> <!-- beforeMethod -->
        <test-method status="PASS" signature="loginTest()[pri:0, instance:com.tests.HomePageTest@4145bad8]" name="loginTest" duration-ms="1779" started-at="2020-07-26T15:54:07Z" finished-at="2020-07-26T15:54:09Z">
          <reporter-output>
            <line>
              <![CDATA[Clicking on the Login Button]]>
            </line>
            <line>
              <![CDATA[Login Button Clicked]]>
            </line>
          </reporter-output>
        </test-method> <!-- loginTest -->
        <test-method status="PASS" signature="afterMethod(org.testng.ITestResult)[pri:0, instance:com.tests.HomePageTest@4145bad8]" name="afterMethod" is-config="true" duration-ms="501" started-at="2020-07-26T15:54:09Z" finished-at="2020-07-26T15:54:10Z">
          <params>
            <param index="0">
              <value>
                <![CDATA[[TestResult name=loginTest status=SUCCESS method=HomePageTest.loginTest()[pri:0, instance:com.tests.HomePageTest@4145bad8] output=Clicking on the Login Button]]]>
              </value>
            </param>
          </params>
          <reporter-output>
            <line>
              <![CDATA[loginTest test Ended]]>
            </line>
            <line>
              <![CDATA[<a href='/Users/maddy/eclipse-workspace/HybridFrameworkSuper/src/main/java/com/screenshots/loginTest_Passed_26_07_2020_03_54_09.png'> <img src='/Users/maddy/eclipse-workspace/HybridFrameworkSuper/src/main/java/com/screenshots/loginTest_Passed_26_07_2020_03_54_09.png' height='100' width='100'/> </a>]]>
            </line>
          </reporter-output>
        </test-method> <!-- afterMethod -->
        <test-method status="PASS" signature="tearDown()[pri:0, instance:com.tests.HomePageTest@4145bad8]" name="tearDown" is-config="true" duration-ms="343" started-at="2020-07-26T15:54:10Z" finished-at="2020-07-26T15:54:10Z">
          <reporter-output>
            <line>
              <![CDATA[Browser Closed]]>
            </line>
          </reporter-output>
        </test-method> <!-- tearDown -->
      </class> <!-- com.tests.HomePageTest -->
    </test> <!-- Command line test -->
  </suite> <!-- Command line suite -->
</testng-results>
